  complex_driver.cpp
C:\Users\jontc\Desktop\CS\CPLUSPLUS\Test\CS318P03RuizTutoring\complex_driver.cpp(16,10): error C4430: missing type specifier - int assumed. Note: C++ does not support default-int
C:\Users\jontc\Desktop\CS\CPLUSPLUS\Test\CS318P03RuizTutoring\complex_driver.cpp(16,9): error C2146: syntax error: missing ';' before identifier 'f'
C:\Users\jontc\Desktop\CS\CPLUSPLUS\Test\CS318P03RuizTutoring\complex_driver.cpp(16,29): error C2143: syntax error: missing ';' before '{'
C:\Users\jontc\Desktop\CS\CPLUSPLUS\Test\CS318P03RuizTutoring\complex_driver.cpp(16,29): error C2447: '{': missing function header (old-style formal list?)
C:\Users\jontc\Desktop\CS\CPLUSPLUS\Test\CS318P03RuizTutoring\complex_driver.cpp(53,16): error C4430: missing type specifier - int assumed. Note: C++ does not support default-int
C:\Users\jontc\Desktop\CS\CPLUSPLUS\Test\CS318P03RuizTutoring\complex_driver.cpp(53,16): error C2146: syntax error: missing ';' before identifier 'i'
C:\Users\jontc\Desktop\CS\CPLUSPLUS\Test\CS318P03RuizTutoring\complex_driver.cpp(53,16): error C3861: 'i': identifier not found
C:\Users\jontc\Desktop\CS\CPLUSPLUS\Test\CS318P03RuizTutoring\complex_driver.cpp(54,10): error C2146: syntax error: missing ';' before identifier 'z1'
C:\Users\jontc\Desktop\CS\CPLUSPLUS\Test\CS318P03RuizTutoring\complex_driver.cpp(54,10): error C2065: 'z1': undeclared identifier
C:\Users\jontc\Desktop\CS\CPLUSPLUS\Test\CS318P03RuizTutoring\complex_driver.cpp(54,14): error C2065: 'z2': undeclared identifier
C:\Users\jontc\Desktop\CS\CPLUSPLUS\Test\CS318P03RuizTutoring\complex_driver.cpp(54,18): error C2065: 'z3': undeclared identifier
C:\Users\jontc\Desktop\CS\CPLUSPLUS\Test\CS318P03RuizTutoring\complex_driver.cpp(55,10): error C2146: syntax error: missing ';' before identifier 'z4'
C:\Users\jontc\Desktop\CS\CPLUSPLUS\Test\CS318P03RuizTutoring\complex_driver.cpp(55,10): error C2065: 'z4': undeclared identifier
C:\Users\jontc\Desktop\CS\CPLUSPLUS\Test\CS318P03RuizTutoring\complex_driver.cpp(55,15): error C2064: term does not evaluate to a function taking 2 arguments
C:\Users\jontc\Desktop\CS\CPLUSPLUS\Test\CS318P03RuizTutoring\complex_driver.cpp(56,10): error C2146: syntax error: missing ';' before identifier 'complex_number'
C:\Users\jontc\Desktop\CS\CPLUSPLUS\Test\CS318P03RuizTutoring\complex_driver.cpp(56,10): error C2065: 'complex_number': undeclared identifier
C:\Users\jontc\Desktop\CS\CPLUSPLUS\Test\CS318P03RuizTutoring\complex_driver.cpp(56,25): error C2059: syntax error: ']'
C:\Users\jontc\Desktop\CS\CPLUSPLUS\Test\CS318P03RuizTutoring\complex_driver.cpp(56,29): error C2143: syntax error: missing ';' before '{'
C:\Users\jontc\Desktop\CS\CPLUSPLUS\Test\CS318P03RuizTutoring\complex_driver.cpp(56,31): error C2064: term does not evaluate to a function taking 2 arguments
C:\Users\jontc\Desktop\CS\CPLUSPLUS\Test\CS318P03RuizTutoring\complex_driver.cpp(56,46): error C2064: term does not evaluate to a function taking 2 arguments
C:\Users\jontc\Desktop\CS\CPLUSPLUS\Test\CS318P03RuizTutoring\complex_driver.cpp(56,61): error C2064: term does not evaluate to a function taking 2 arguments
C:\Users\jontc\Desktop\CS\CPLUSPLUS\Test\CS318P03RuizTutoring\complex_driver.cpp(57,10): error C2064: term does not evaluate to a function taking 2 arguments
C:\Users\jontc\Desktop\CS\CPLUSPLUS\Test\CS318P03RuizTutoring\complex_driver.cpp(57,25): error C2064: term does not evaluate to a function taking 2 arguments
C:\Users\jontc\Desktop\CS\CPLUSPLUS\Test\CS318P03RuizTutoring\complex_driver.cpp(57,38): error C2143: syntax error: missing ';' before '}'
C:\Users\jontc\Desktop\CS\CPLUSPLUS\Test\CS318P03RuizTutoring\complex_driver.cpp(58,10): error C2146: syntax error: missing ';' before identifier 'sum'
C:\Users\jontc\Desktop\CS\CPLUSPLUS\Test\CS318P03RuizTutoring\complex_driver.cpp(58,10): error C2065: 'sum': undeclared identifier
C:\Users\jontc\Desktop\CS\CPLUSPLUS\Test\CS318P03RuizTutoring\complex_driver.cpp(62,10): error C2146: syntax error: missing ';' before identifier 'z8'
C:\Users\jontc\Desktop\CS\CPLUSPLUS\Test\CS318P03RuizTutoring\complex_driver.cpp(62,10): error C2065: 'z8': undeclared identifier
C:\Users\jontc\Desktop\CS\CPLUSPLUS\Test\CS318P03RuizTutoring\complex_driver.cpp(66,10): error C2146: syntax error: missing ';' before identifier 'z5'
C:\Users\jontc\Desktop\CS\CPLUSPLUS\Test\CS318P03RuizTutoring\complex_driver.cpp(66,10): error C2065: 'z5': undeclared identifier
C:\Users\jontc\Desktop\CS\CPLUSPLUS\Test\CS318P03RuizTutoring\complex_driver.cpp(68,9): error C2065: 'z5': undeclared identifier
C:\Users\jontc\Desktop\CS\CPLUSPLUS\Test\CS318P03RuizTutoring\complex_driver.cpp(69,10): error C2065: 'z5': undeclared identifier
C:\Users\jontc\Desktop\CS\CPLUSPLUS\Test\CS318P03RuizTutoring\complex_driver.cpp(70,10): error C2065: 'z5': undeclared identifier
C:\Users\jontc\Desktop\CS\CPLUSPLUS\Test\CS318P03RuizTutoring\complex_driver.cpp(72,62): error C2065: 'z5': undeclared identifier
C:\Users\jontc\Desktop\CS\CPLUSPLUS\Test\CS318P03RuizTutoring\complex_driver.cpp(75,2): error C2065: 'z1': undeclared identifier
C:\Users\jontc\Desktop\CS\CPLUSPLUS\Test\CS318P03RuizTutoring\complex_driver.cpp(75,7): error C2064: term does not evaluate to a function taking 2 arguments
C:\Users\jontc\Desktop\CS\CPLUSPLUS\Test\CS318P03RuizTutoring\complex_driver.cpp(76,2): error C2065: 'z2': undeclared identifier
C:\Users\jontc\Desktop\CS\CPLUSPLUS\Test\CS318P03RuizTutoring\complex_driver.cpp(76,7): error C2064: term does not evaluate to a function taking 2 arguments
C:\Users\jontc\Desktop\CS\CPLUSPLUS\Test\CS318P03RuizTutoring\complex_driver.cpp(77,2): error C2065: 'z4': undeclared identifier
C:\Users\jontc\Desktop\CS\CPLUSPLUS\Test\CS318P03RuizTutoring\complex_driver.cpp(77,7): error C2065: 'z3': undeclared identifier
C:\Users\jontc\Desktop\CS\CPLUSPLUS\Test\CS318P03RuizTutoring\complex_driver.cpp(80,2): error C2065: 'z3': undeclared identifier
C:\Users\jontc\Desktop\CS\CPLUSPLUS\Test\CS318P03RuizTutoring\complex_driver.cpp(80,8): error C2065: 'z2': undeclared identifier
C:\Users\jontc\Desktop\CS\CPLUSPLUS\Test\CS318P03RuizTutoring\complex_driver.cpp(81,10): error C2065: 'z3': undeclared identifier
C:\Users\jontc\Desktop\CS\CPLUSPLUS\Test\CS318P03RuizTutoring\complex_driver.cpp(81,16): error C2065: 'z2': undeclared identifier
C:\Users\jontc\Desktop\CS\CPLUSPLUS\Test\CS318P03RuizTutoring\complex_driver.cpp(82,2): error C2065: 'z3': undeclared identifier
C:\Users\jontc\Desktop\CS\CPLUSPLUS\Test\CS318P03RuizTutoring\complex_driver.cpp(82,8): error C2065: 'z2': undeclared identifier
C:\Users\jontc\Desktop\CS\CPLUSPLUS\Test\CS318P03RuizTutoring\complex_driver.cpp(83,10): error C2065: 'z4': undeclared identifier
C:\Users\jontc\Desktop\CS\CPLUSPLUS\Test\CS318P03RuizTutoring\complex_driver.cpp(83,16): error C2065: 'z3': undeclared identifier
C:\Users\jontc\Desktop\CS\CPLUSPLUS\Test\CS318P03RuizTutoring\complex_driver.cpp(84,2): error C2065: 'z3': undeclared identifier
C:\Users\jontc\Desktop\CS\CPLUSPLUS\Test\CS318P03RuizTutoring\complex_driver.cpp(84,8): error C2065: 'z2': undeclared identifier
C:\Users\jontc\Desktop\CS\CPLUSPLUS\Test\CS318P03RuizTutoring\complex_driver.cpp(85,2): error C2065: 'z3': undeclared identifier
C:\Users\jontc\Desktop\CS\CPLUSPLUS\Test\CS318P03RuizTutoring\complex_driver.cpp(85,8): error C2065: 'z2': undeclared identifier
C:\Users\jontc\Desktop\CS\CPLUSPLUS\Test\CS318P03RuizTutoring\complex_driver.cpp(86,10): error C2065: 'z3': undeclared identifier
C:\Users\jontc\Desktop\CS\CPLUSPLUS\Test\CS318P03RuizTutoring\complex_driver.cpp(86,16): error C2065: 'z4': undeclared identifier
C:\Users\jontc\Desktop\CS\CPLUSPLUS\Test\CS318P03RuizTutoring\complex_driver.cpp(89,7): error C2065: 'z3': undeclared identifier
C:\Users\jontc\Desktop\CS\CPLUSPLUS\Test\CS318P03RuizTutoring\complex_driver.cpp(90,7): error C2065: 'z3': undeclared identifier
C:\Users\jontc\Desktop\CS\CPLUSPLUS\Test\CS318P03RuizTutoring\complex_driver.cpp(92,2): error C2065: 'z3': undeclared identifier
C:\Users\jontc\Desktop\CS\CPLUSPLUS\Test\CS318P03RuizTutoring\complex_driver.cpp(93,11): error C2065: 'z3': undeclared identifier
C:\Users\jontc\Desktop\CS\CPLUSPLUS\Test\CS318P03RuizTutoring\complex_driver.cpp(93,38): error C2065: 'z3': undeclared identifier
C:\Users\jontc\Desktop\CS\CPLUSPLUS\Test\CS318P03RuizTutoring\complex_driver.cpp(94,2): error C2065: 'z3': undeclared identifier
C:\Users\jontc\Desktop\CS\CPLUSPLUS\Test\CS318P03RuizTutoring\complex_driver.cpp(95,11): error C2065: 'z3': undeclared identifier
C:\Users\jontc\Desktop\CS\CPLUSPLUS\Test\CS318P03RuizTutoring\complex_driver.cpp(95,32): error C2065: 'z3': undeclared identifier
C:\Users\jontc\Desktop\CS\CPLUSPLUS\Test\CS318P03RuizTutoring\complex_driver.cpp(96,2): error C2065: 'z3': undeclared identifier
C:\Users\jontc\Desktop\CS\CPLUSPLUS\Test\CS318P03RuizTutoring\complex_driver.cpp(97,11): error C2065: 'z3': undeclared identifier
C:\Users\jontc\Desktop\CS\CPLUSPLUS\Test\CS318P03RuizTutoring\complex_driver.cpp(97,38): error C2065: 'z3': undeclared identifier
C:\Users\jontc\Desktop\CS\CPLUSPLUS\Test\CS318P03RuizTutoring\complex_driver.cpp(98,2): error C2065: 'z3': undeclared identifier
C:\Users\jontc\Desktop\CS\CPLUSPLUS\Test\CS318P03RuizTutoring\complex_driver.cpp(99,11): error C2065: 'z3': undeclared identifier
C:\Users\jontc\Desktop\CS\CPLUSPLUS\Test\CS318P03RuizTutoring\complex_driver.cpp(99,32): error C2065: 'z3': undeclared identifier
C:\Users\jontc\Desktop\CS\CPLUSPLUS\Test\CS318P03RuizTutoring\complex_driver.cpp(102,10): error C2065: 'z1': undeclared identifier
C:\Users\jontc\Desktop\CS\CPLUSPLUS\Test\CS318P03RuizTutoring\complex_driver.cpp(102,16): error C2064: term does not evaluate to a function taking 2 arguments
C:\Users\jontc\Desktop\CS\CPLUSPLUS\Test\CS318P03RuizTutoring\complex_driver.cpp(103,10): error C2065: 'z2': undeclared identifier
C:\Users\jontc\Desktop\CS\CPLUSPLUS\Test\CS318P03RuizTutoring\complex_driver.cpp(103,16): error C2064: term does not evaluate to a function taking 2 arguments
C:\Users\jontc\Desktop\CS\CPLUSPLUS\Test\CS318P03RuizTutoring\complex_driver.cpp(104,11): error C2065: 'z1': undeclared identifier
C:\Users\jontc\Desktop\CS\CPLUSPLUS\Test\CS318P03RuizTutoring\complex_driver.cpp(104,16): error C2065: 'z2': undeclared identifier
C:\Users\jontc\Desktop\CS\CPLUSPLUS\Test\CS318P03RuizTutoring\complex_driver.cpp(104,23): error C2064: term does not evaluate to a function taking 2 arguments
C:\Users\jontc\Desktop\CS\CPLUSPLUS\Test\CS318P03RuizTutoring\complex_driver.cpp(105,11): error C2065: 'z1': undeclared identifier
C:\Users\jontc\Desktop\CS\CPLUSPLUS\Test\CS318P03RuizTutoring\complex_driver.cpp(105,16): error C2065: 'z2': undeclared identifier
C:\Users\jontc\Desktop\CS\CPLUSPLUS\Test\CS318P03RuizTutoring\complex_driver.cpp(105,23): error C2064: term does not evaluate to a function taking 2 arguments
C:\Users\jontc\Desktop\CS\CPLUSPLUS\Test\CS318P03RuizTutoring\complex_driver.cpp(106,11): error C2065: 'z1': undeclared identifier
C:\Users\jontc\Desktop\CS\CPLUSPLUS\Test\CS318P03RuizTutoring\complex_driver.cpp(106,16): error C2065: 'z2': undeclared identifier
C:\Users\jontc\Desktop\CS\CPLUSPLUS\Test\CS318P03RuizTutoring\complex_driver.cpp(106,23): error C2064: term does not evaluate to a function taking 2 arguments
C:\Users\jontc\Desktop\CS\CPLUSPLUS\Test\CS318P03RuizTutoring\complex_driver.cpp(107,11): error C2065: 'z1': undeclared identifier
C:\Users\jontc\Desktop\CS\CPLUSPLUS\Test\CS318P03RuizTutoring\complex_driver.cpp(107,16): error C2065: 'z2': undeclared identifier
C:\Users\jontc\Desktop\CS\CPLUSPLUS\Test\CS318P03RuizTutoring\complex_driver.cpp(107,23): error C2064: term does not evaluate to a function taking 2 arguments
C:\Users\jontc\Desktop\CS\CPLUSPLUS\Test\CS318P03RuizTutoring\complex_driver.cpp(110,2): error C2065: 'z1': undeclared identifier
C:\Users\jontc\Desktop\CS\CPLUSPLUS\Test\CS318P03RuizTutoring\complex_driver.cpp(110,7): error C2064: term does not evaluate to a function taking 2 arguments
C:\Users\jontc\Desktop\CS\CPLUSPLUS\Test\CS318P03RuizTutoring\complex_driver.cpp(111,10): error C2065: 'z1': undeclared identifier
C:\Users\jontc\Desktop\CS\CPLUSPLUS\Test\CS318P03RuizTutoring\complex_driver.cpp(112,10): error C2065: 'z1': undeclared identifier
C:\Users\jontc\Desktop\CS\CPLUSPLUS\Test\CS318P03RuizTutoring\complex_driver.cpp(113,15): error C2065: 'z1': undeclared identifier
C:\Users\jontc\Desktop\CS\CPLUSPLUS\Test\CS318P03RuizTutoring\complex_driver.cpp(114,15): error C2065: 'z1': undeclared identifier
C:\Users\jontc\Desktop\CS\CPLUSPLUS\Test\CS318P03RuizTutoring\complex_driver.cpp(115,10): error C2065: 'z1': undeclared identifier
C:\Users\jontc\Desktop\CS\CPLUSPLUS\Test\CS318P03RuizTutoring\complex_driver.cpp(115,33): error C2065: 'z1': undeclared identifier
C:\Users\jontc\Desktop\CS\CPLUSPLUS\Test\CS318P03RuizTutoring\complex_driver.cpp(115,45): error C2065: 'z1': undeclared identifier
C:\Users\jontc\Desktop\CS\CPLUSPLUS\Test\CS318P03RuizTutoring\complex_driver.cpp(115,57): error C2065: 'z1': undeclared identifier
C:\Users\jontc\Desktop\CS\CPLUSPLUS\Test\CS318P03RuizTutoring\complex_driver.cpp(115,69): error C2065: 'z1': undeclared identifier
C:\Users\jontc\Desktop\CS\CPLUSPLUS\Test\CS318P03RuizTutoring\complex_driver.cpp(118,14): error C2064: term does not evaluate to a function taking 2 arguments
C:\Users\jontc\Desktop\CS\CPLUSPLUS\Test\CS318P03RuizTutoring\complex_driver.cpp(119,27): error C2064: term does not evaluate to a function taking 2 arguments
C:\Users\jontc\Desktop\CS\CPLUSPLUS\Test\CS318P03RuizTutoring\complex_driver.cpp(120,27): error C2064: term does not evaluate to a function taking 2 arguments
C:\Users\jontc\Desktop\CS\CPLUSPLUS\Test\CS318P03RuizTutoring\complex_driver.cpp(123,2): error C2065: 'z8': undeclared identifier
C:\Users\jontc\Desktop\CS\CPLUSPLUS\Test\CS318P03RuizTutoring\complex_driver.cpp(123,7): error C2064: term does not evaluate to a function taking 1 arguments
C:\Users\jontc\Desktop\CS\CPLUSPLUS\Test\CS318P03RuizTutoring\complex_driver.cpp(124,19): error C2065: 'z8': undeclared identifier
C:\Users\jontc\Desktop\CS\CPLUSPLUS\Test\CS318P03RuizTutoring\complex_driver.cpp(124,9): error C3861: 'magnitude': identifier not found
C:\Users\jontc\Desktop\CS\CPLUSPLUS\Test\CS318P03RuizTutoring\complex_driver.cpp(125,23): error C2065: 'z8': undeclared identifier
C:\Users\jontc\Desktop\CS\CPLUSPLUS\Test\CS318P03RuizTutoring\complex_driver.cpp(125,25): fatal  error C1003: error count exceeds 100; stopping compilation
